<?xml version="1.0" encoding="UTF-8"?>
<!-- Generated by org.testng.reporters.JUnitXMLReporter -->
<testsuite ignored="0" hostname="MACPK-WKS-0132" failures="1" tests="2" name="Test" time="36.833" errors="0" timestamp="09 Nov 2019 21:33:10 GMT">
  <testcase classname="Master.OrdersExecution1" name="LoginApp" time="23.103"/>
  <testcase classname="Master.OrdersExecution1" name="LoginApp" time="23.112">
    <failure type="java.lang.NullPointerException">
      <![CDATA[java.lang.NullPointerException
at Master.TestNGListener.onTestSuccess(TestNGListener.java:64)
... Removed 22 stack frames]]>
    </failure>
  </testcase> <!-- LoginApp -->
</testsuite> <!-- Test -->
