<?xml version="1.0" encoding="UTF-8"?>
<testng-results ignored="0" total="11" passed="10" failed="1" skipped="0">
  <reporter-output>
  </reporter-output>
  <suite started-at="2019-11-06T12:34:25Z" name="Default suite" finished-at="2019-11-06T12:39:37Z" duration-ms="312424">
    <groups>
    </groups>
    <test started-at="2019-11-06T12:34:25Z" name="Default test" finished-at="2019-11-06T12:39:37Z" duration-ms="312424">
      <class name="Master.SepRelease">
        <test-method is-config="true" signature="SystmProperties()[pri:0, instance:Master.SepRelease@5bfa9431]" started-at="2019-11-06T12:34:25Z" name="SystmProperties" finished-at="2019-11-06T12:34:25Z" duration-ms="189" status="PASS">
          <reporter-output>
          </reporter-output>
        </test-method> <!-- SystmProperties -->
        <test-method is-config="true" signature="Startup()[pri:0, instance:Master.SepRelease@5bfa9431]" started-at="2019-11-06T12:34:25Z" name="Startup" finished-at="2019-11-06T12:34:32Z" duration-ms="6841" status="PASS">
          <reporter-output>
          </reporter-output>
        </test-method> <!-- Startup -->
        <test-method signature="LoginIdaho()[pri:1, instance:Master.SepRelease@5bfa9431]" started-at="2019-11-06T12:34:32Z" name="LoginIdaho" finished-at="2019-11-06T12:34:38Z" duration-ms="5937" status="PASS">
          <reporter-output>
          </reporter-output>
        </test-method> <!-- LoginIdaho -->
        <test-method is-config="true" signature="getResult(org.testng.ITestResult)[pri:0, instance:Master.SepRelease@5bfa9431]" started-at="2019-11-06T12:34:38Z" name="getResult" finished-at="2019-11-06T12:34:38Z" duration-ms="2" status="PASS">
          <params>
            <param index="0">
              <value>
                <![CDATA[[TestResult name=LoginIdaho status=SUCCESS method=SepRelease.LoginIdaho()[pri:1, instance:Master.SepRelease@5bfa9431] output={null}]]]>
              </value>
            </param>
          </params>
          <reporter-output>
          </reporter-output>
        </test-method> <!-- getResult -->
        <test-method signature="CreateCustomerCompany()[pri:2, instance:Master.SepRelease@5bfa9431]" started-at="2019-11-06T12:34:38Z" name="CreateCustomerCompany" finished-at="2019-11-06T12:35:29Z" duration-ms="50770" status="PASS">
          <reporter-output>
          </reporter-output>
        </test-method> <!-- CreateCustomerCompany -->
        <test-method is-config="true" signature="getResult(org.testng.ITestResult)[pri:0, instance:Master.SepRelease@5bfa9431]" started-at="2019-11-06T12:35:29Z" name="getResult" finished-at="2019-11-06T12:35:29Z" duration-ms="0" status="PASS">
          <params>
            <param index="0">
              <value>
                <![CDATA[[TestResult name=CreateCustomerCompany status=SUCCESS method=SepRelease.CreateCustomerCompany()[pri:2, instance:Master.SepRelease@5bfa9431] output={null}]]]>
              </value>
            </param>
          </params>
          <reporter-output>
          </reporter-output>
        </test-method> <!-- getResult -->
        <test-method signature="AddCompanyNoteTD_963218()[pri:3, instance:Master.SepRelease@5bfa9431]" started-at="2019-11-06T12:35:29Z" name="AddCompanyNoteTD_963218" finished-at="2019-11-06T12:36:14Z" duration-ms="44962" status="PASS">
          <reporter-output>
          </reporter-output>
        </test-method> <!-- AddCompanyNoteTD_963218 -->
        <test-method is-config="true" signature="getResult(org.testng.ITestResult)[pri:0, instance:Master.SepRelease@5bfa9431]" started-at="2019-11-06T12:36:14Z" name="getResult" finished-at="2019-11-06T12:36:14Z" duration-ms="4" status="PASS">
          <params>
            <param index="0">
              <value>
                <![CDATA[[TestResult name=AddCompanyNoteTD_963218 status=SUCCESS method=SepRelease.AddCompanyNoteTD_963218()[pri:3, instance:Master.SepRelease@5bfa9431] output={null}]]]>
              </value>
            </param>
          </params>
          <reporter-output>
          </reporter-output>
        </test-method> <!-- getResult -->
        <test-method signature="EditCompanyNote()[pri:4, instance:Master.SepRelease@5bfa9431]" started-at="2019-11-06T12:36:14Z" name="EditCompanyNote" finished-at="2019-11-06T12:36:35Z" duration-ms="21300" status="PASS">
          <reporter-output>
          </reporter-output>
        </test-method> <!-- EditCompanyNote -->
        <test-method is-config="true" signature="getResult(org.testng.ITestResult)[pri:0, instance:Master.SepRelease@5bfa9431]" started-at="2019-11-06T12:36:36Z" name="getResult" finished-at="2019-11-06T12:36:36Z" duration-ms="0" status="PASS">
          <params>
            <param index="0">
              <value>
                <![CDATA[[TestResult name=EditCompanyNote status=SUCCESS method=SepRelease.EditCompanyNote()[pri:4, instance:Master.SepRelease@5bfa9431] output={null}]]]>
              </value>
            </param>
          </params>
          <reporter-output>
          </reporter-output>
        </test-method> <!-- getResult -->
        <test-method signature="CreateContactFromMain()[pri:6, instance:Master.SepRelease@5bfa9431]" started-at="2019-11-06T12:36:36Z" name="CreateContactFromMain" finished-at="2019-11-06T12:37:01Z" duration-ms="25211" status="PASS">
          <reporter-output>
          </reporter-output>
        </test-method> <!-- CreateContactFromMain -->
        <test-method is-config="true" signature="getResult(org.testng.ITestResult)[pri:0, instance:Master.SepRelease@5bfa9431]" started-at="2019-11-06T12:37:01Z" name="getResult" finished-at="2019-11-06T12:37:01Z" duration-ms="0" status="PASS">
          <params>
            <param index="0">
              <value>
                <![CDATA[[TestResult name=CreateContactFromMain status=SUCCESS method=SepRelease.CreateContactFromMain()[pri:6, instance:Master.SepRelease@5bfa9431] output={null}]]]>
              </value>
            </param>
          </params>
          <reporter-output>
          </reporter-output>
        </test-method> <!-- getResult -->
        <test-method signature="AddingNoteUnderContactTD_()[pri:7, instance:Master.SepRelease@5bfa9431]" started-at="2019-11-06T12:37:01Z" name="AddingNoteUnderContactTD_" finished-at="2019-11-06T12:37:30Z" duration-ms="29106" status="PASS">
          <reporter-output>
          </reporter-output>
        </test-method> <!-- AddingNoteUnderContactTD_ -->
        <test-method is-config="true" signature="getResult(org.testng.ITestResult)[pri:0, instance:Master.SepRelease@5bfa9431]" started-at="2019-11-06T12:37:30Z" name="getResult" finished-at="2019-11-06T12:37:30Z" duration-ms="1" status="PASS">
          <params>
            <param index="0">
              <value>
                <![CDATA[[TestResult name=AddingNoteUnderContactTD_ status=SUCCESS method=SepRelease.AddingNoteUnderContactTD_()[pri:7, instance:Master.SepRelease@5bfa9431] output={null}]]]>
              </value>
            </param>
          </params>
          <reporter-output>
          </reporter-output>
        </test-method> <!-- getResult -->
        <test-method signature="EditContactNote()[pri:8, instance:Master.SepRelease@5bfa9431]" started-at="2019-11-06T12:37:30Z" name="EditContactNote" finished-at="2019-11-06T12:37:52Z" duration-ms="21840" status="PASS">
          <reporter-output>
          </reporter-output>
        </test-method> <!-- EditContactNote -->
        <test-method is-config="true" signature="getResult(org.testng.ITestResult)[pri:0, instance:Master.SepRelease@5bfa9431]" started-at="2019-11-06T12:37:52Z" name="getResult" finished-at="2019-11-06T12:37:52Z" duration-ms="0" status="PASS">
          <params>
            <param index="0">
              <value>
                <![CDATA[[TestResult name=EditContactNote status=SUCCESS method=SepRelease.EditContactNote()[pri:8, instance:Master.SepRelease@5bfa9431] output={null}]]]>
              </value>
            </param>
          </params>
          <reporter-output>
          </reporter-output>
        </test-method> <!-- getResult -->
        <test-method signature="CreateNoteFromMain()[pri:10, instance:Master.SepRelease@5bfa9431]" started-at="2019-11-06T12:37:52Z" name="CreateNoteFromMain" finished-at="2019-11-06T12:38:02Z" duration-ms="9844" status="PASS">
          <reporter-output>
          </reporter-output>
        </test-method> <!-- CreateNoteFromMain -->
        <test-method is-config="true" signature="getResult(org.testng.ITestResult)[pri:0, instance:Master.SepRelease@5bfa9431]" started-at="2019-11-06T12:38:02Z" name="getResult" finished-at="2019-11-06T12:38:02Z" duration-ms="1" status="PASS">
          <params>
            <param index="0">
              <value>
                <![CDATA[[TestResult name=CreateNoteFromMain status=SUCCESS method=SepRelease.CreateNoteFromMain()[pri:10, instance:Master.SepRelease@5bfa9431] output={null}]]]>
              </value>
            </param>
          </params>
          <reporter-output>
          </reporter-output>
        </test-method> <!-- getResult -->
        <test-method signature="PORefISNULL_93843()[pri:10, instance:Master.SepRelease@5bfa9431]" started-at="2019-11-06T12:38:02Z" name="PORefISNULL_93843" finished-at="2019-11-06T12:38:21Z" duration-ms="19342" status="PASS">
          <reporter-output>
          </reporter-output>
        </test-method> <!-- PORefISNULL_93843 -->
        <test-method is-config="true" signature="getResult(org.testng.ITestResult)[pri:0, instance:Master.SepRelease@5bfa9431]" started-at="2019-11-06T12:38:21Z" name="getResult" finished-at="2019-11-06T12:38:21Z" duration-ms="1" status="PASS">
          <params>
            <param index="0">
              <value>
                <![CDATA[[TestResult name=PORefISNULL_93843 status=SUCCESS method=SepRelease.PORefISNULL_93843()[pri:10, instance:Master.SepRelease@5bfa9431] output={null}]]]>
              </value>
            </param>
          </params>
          <reporter-output>
          </reporter-output>
        </test-method> <!-- getResult -->
        <test-method signature="PORefISNOTNULL_93844()[pri:11, instance:Master.SepRelease@5bfa9431]" started-at="2019-11-06T12:38:21Z" name="PORefISNOTNULL_93844" finished-at="2019-11-06T12:38:52Z" duration-ms="30058" status="FAIL">
          <exception class="java.lang.AssertionError">
            <message>
              <![CDATA[expected [false] but found [true]]]>
            </message>
            <full-stacktrace>
              <![CDATA[java.lang.AssertionError: expected [false] but found [true]
at org.testng.Assert.fail(Assert.java:96)
at org.testng.Assert.failNotEquals(Assert.java:776)
at org.testng.Assert.assertFalse(Assert.java:65)
at org.testng.Assert.assertFalse(Assert.java:75)
at OrdersTestcases.OctRelease.PORefISNOTNULL(OctRelease.java:73)
at Master.SepRelease.PORefISNOTNULL_93844(SepRelease.java:104)
at java.base/jdk.internal.reflect.NativeMethodAccessorImpl.invoke0(Native Method)
at java.base/jdk.internal.reflect.NativeMethodAccessorImpl.invoke(NativeMethodAccessorImpl.java:62)
at java.base/jdk.internal.reflect.DelegatingMethodAccessorImpl.invoke(DelegatingMethodAccessorImpl.java:43)
at java.base/java.lang.reflect.Method.invoke(Method.java:567)
at org.testng.internal.MethodInvocationHelper.invokeMethod(MethodInvocationHelper.java:124)
at org.testng.internal.Invoker.invokeMethod(Invoker.java:583)
at org.testng.internal.Invoker.invokeTestMethod(Invoker.java:719)
at org.testng.internal.Invoker.invokeTestMethods(Invoker.java:989)
at org.testng.internal.TestMethodWorker.invokeTestMethods(TestMethodWorker.java:125)
at org.testng.internal.TestMethodWorker.run(TestMethodWorker.java:109)
at org.testng.TestRunner.privateRun(TestRunner.java:648)
at org.testng.TestRunner.run(TestRunner.java:505)
at org.testng.SuiteRunner.runTest(SuiteRunner.java:455)
at org.testng.SuiteRunner.runSequentially(SuiteRunner.java:450)
at org.testng.SuiteRunner.privateRun(SuiteRunner.java:415)
at org.testng.SuiteRunner.run(SuiteRunner.java:364)
at org.testng.SuiteRunnerWorker.runSuite(SuiteRunnerWorker.java:52)
at org.testng.SuiteRunnerWorker.run(SuiteRunnerWorker.java:84)
at org.testng.TestNG.runSuitesSequentially(TestNG.java:1208)
at org.testng.TestNG.runSuitesLocally(TestNG.java:1137)
at org.testng.TestNG.runSuites(TestNG.java:1049)
at org.testng.TestNG.run(TestNG.java:1017)
at org.testng.remote.AbstractRemoteTestNG.run(AbstractRemoteTestNG.java:115)
at org.testng.remote.RemoteTestNG.initAndRun(RemoteTestNG.java:251)
at org.testng.remote.RemoteTestNG.main(RemoteTestNG.java:77)
]]>
            </full-stacktrace>
          </exception> <!-- java.lang.AssertionError -->
          <reporter-output>
          </reporter-output>
        </test-method> <!-- PORefISNOTNULL_93844 -->
        <test-method is-config="true" signature="getResult(org.testng.ITestResult)[pri:0, instance:Master.SepRelease@5bfa9431]" started-at="2019-11-06T12:38:52Z" name="getResult" finished-at="2019-11-06T12:38:52Z" duration-ms="0" status="PASS">
          <params>
            <param index="0">
              <value>
                <![CDATA[[TestResult name=PORefISNOTNULL_93844 status=FAILURE method=SepRelease.PORefISNOTNULL_93844()[pri:11, instance:Master.SepRelease@5bfa9431] output={null}]]]>
              </value>
            </param>
          </params>
          <reporter-output>
          </reporter-output>
        </test-method> <!-- getResult -->
        <test-method signature="CreateQuoteFromOrder_93845()[pri:13, instance:Master.SepRelease@5bfa9431]" started-at="2019-11-06T12:38:52Z" name="CreateQuoteFromOrder_93845" finished-at="2019-11-06T12:39:37Z" duration-ms="45691" status="PASS">
          <reporter-output>
          </reporter-output>
        </test-method> <!-- CreateQuoteFromOrder_93845 -->
        <test-method is-config="true" signature="getResult(org.testng.ITestResult)[pri:0, instance:Master.SepRelease@5bfa9431]" started-at="2019-11-06T12:39:37Z" name="getResult" finished-at="2019-11-06T12:39:37Z" duration-ms="1" status="PASS">
          <params>
            <param index="0">
              <value>
                <![CDATA[[TestResult name=CreateQuoteFromOrder_93845 status=SUCCESS method=SepRelease.CreateQuoteFromOrder_93845()[pri:13, instance:Master.SepRelease@5bfa9431] output={null}]]]>
              </value>
            </param>
          </params>
          <reporter-output>
          </reporter-output>
        </test-method> <!-- getResult -->
        <test-method is-config="true" signature="endReport()[pri:0, instance:Master.SepRelease@5bfa9431]" started-at="2019-11-06T12:39:37Z" name="endReport" finished-at="2019-11-06T12:39:37Z" duration-ms="0" status="PASS">
          <reporter-output>
          </reporter-output>
        </test-method> <!-- endReport -->
      </class> <!-- Master.SepRelease -->
    </test> <!-- Default test -->
  </suite> <!-- Default suite -->
</testng-results>
