<?xml version="1.0" encoding="UTF-8"?>
<testng-results ignored="0" total="54" passed="53" failed="1" skipped="0">
  <reporter-output>
  </reporter-output>
  <suite started-at="2019-11-11T12:52:55Z" name="Default suite" finished-at="2019-11-11T13:19:24Z" duration-ms="1588410">
    <groups>
    </groups>
    <test started-at="2019-11-11T12:52:55Z" name="Default test" finished-at="2019-11-11T13:19:24Z" duration-ms="1588410">
      <class name="Master.OrdersExecution1">
        <test-method is-config="true" signature="Startup()[pri:0, instance:Master.OrdersExecution1@5552768b]" started-at="2019-11-11T12:52:55Z" name="Startup" finished-at="2019-11-11T12:53:12Z" duration-ms="16925" status="PASS">
          <reporter-output>
          </reporter-output>
        </test-method> <!-- Startup -->
        <test-method signature="LoginApp()[pri:0, instance:Master.OrdersExecution1@5552768b]" started-at="2019-11-11T12:53:12Z" name="LoginApp" finished-at="2019-11-11T12:53:37Z" duration-ms="25093" status="PASS">
          <reporter-output>
          </reporter-output>
        </test-method> <!-- LoginApp -->
        <test-method is-config="true" signature="getResult(org.testng.ITestResult)[pri:0, instance:Master.OrdersExecution1@5552768b]" started-at="2019-11-11T12:53:37Z" name="getResult" finished-at="2019-11-11T12:53:37Z" duration-ms="4" status="PASS">
          <params>
            <param index="0">
              <value>
                <![CDATA[[TestResult name=LoginApp status=SUCCESS method=OrdersExecution1.LoginApp()[pri:0, instance:Master.OrdersExecution1@5552768b] output={null}]]]>
              </value>
            </param>
          </params>
          <reporter-output>
          </reporter-output>
        </test-method> <!-- getResult -->
        <test-method signature="OrdersListing_SearchOrderField_PlaceholderVerification()[pri:1, instance:Master.OrdersExecution1@5552768b]" started-at="2019-11-11T12:53:37Z" name="OrdersListing_SearchOrderField_PlaceholderVerification" finished-at="2019-11-11T12:53:41Z" duration-ms="3960" status="PASS">
          <reporter-output>
          </reporter-output>
        </test-method> <!-- OrdersListing_SearchOrderField_PlaceholderVerification -->
        <test-method is-config="true" signature="getResult(org.testng.ITestResult)[pri:0, instance:Master.OrdersExecution1@5552768b]" started-at="2019-11-11T12:53:41Z" name="getResult" finished-at="2019-11-11T12:53:41Z" duration-ms="14" status="PASS">
          <params>
            <param index="0">
              <value>
                <![CDATA[[TestResult name=OrdersListing_SearchOrderField_PlaceholderVerification status=SUCCESS method=OrdersExecution1.OrdersListing_SearchOrderField_PlaceholderVerification()[pri:1, instance:Master.OrdersExecution1@5552768b] output={null}]]]>
              </value>
            </param>
          </params>
          <reporter-output>
          </reporter-output>
        </test-method> <!-- getResult -->
        <test-method signature="Settings_AutomaticSalesTaxChecked()[pri:2, instance:Master.OrdersExecution1@5552768b]" started-at="2019-11-11T12:53:41Z" name="Settings_AutomaticSalesTaxChecked" finished-at="2019-11-11T12:53:49Z" duration-ms="7853" status="PASS">
          <reporter-output>
          </reporter-output>
        </test-method> <!-- Settings_AutomaticSalesTaxChecked -->
        <test-method is-config="true" signature="getResult(org.testng.ITestResult)[pri:0, instance:Master.OrdersExecution1@5552768b]" started-at="2019-11-11T12:53:49Z" name="getResult" finished-at="2019-11-11T12:53:49Z" duration-ms="0" status="PASS">
          <params>
            <param index="0">
              <value>
                <![CDATA[[TestResult name=Settings_AutomaticSalesTaxChecked status=SUCCESS method=OrdersExecution1.Settings_AutomaticSalesTaxChecked()[pri:2, instance:Master.OrdersExecution1@5552768b] output={null}]]]>
              </value>
            </param>
          </params>
          <reporter-output>
          </reporter-output>
        </test-method> <!-- getResult -->
        <test-method signature="Percentage_square_in_Orders_SummaryWidget_ToolTip_TextVerification()[pri:3, instance:Master.OrdersExecution1@5552768b]" started-at="2019-11-11T12:53:49Z" name="Percentage_square_in_Orders_SummaryWidget_ToolTip_TextVerification" finished-at="2019-11-11T12:53:56Z" duration-ms="7406" status="PASS">
          <reporter-output>
          </reporter-output>
        </test-method> <!-- Percentage_square_in_Orders_SummaryWidget_ToolTip_TextVerification -->
        <test-method is-config="true" signature="getResult(org.testng.ITestResult)[pri:0, instance:Master.OrdersExecution1@5552768b]" started-at="2019-11-11T12:53:56Z" name="getResult" finished-at="2019-11-11T12:53:56Z" duration-ms="0" status="PASS">
          <params>
            <param index="0">
              <value>
                <![CDATA[[TestResult name=Percentage_square_in_Orders_SummaryWidget_ToolTip_TextVerification status=SUCCESS method=OrdersExecution1.Percentage_square_in_Orders_SummaryWidget_ToolTip_TextVerification()[pri:3, instance:Master.OrdersExecution1@5552768b] output={null}]]]>
              </value>
            </param>
          </params>
          <reporter-output>
          </reporter-output>
        </test-method> <!-- getResult -->
        <test-method signature="Percentage_circle_inOrdersSummary_Widget_ToolTip_TextVerification()[pri:4, instance:Master.OrdersExecution1@5552768b]" started-at="2019-11-11T12:53:56Z" name="Percentage_circle_inOrdersSummary_Widget_ToolTip_TextVerification" finished-at="2019-11-11T12:54:03Z" duration-ms="6744" status="PASS">
          <reporter-output>
          </reporter-output>
        </test-method> <!-- Percentage_circle_inOrdersSummary_Widget_ToolTip_TextVerification -->
        <test-method is-config="true" signature="getResult(org.testng.ITestResult)[pri:0, instance:Master.OrdersExecution1@5552768b]" started-at="2019-11-11T12:54:03Z" name="getResult" finished-at="2019-11-11T12:54:03Z" duration-ms="1" status="PASS">
          <params>
            <param index="0">
              <value>
                <![CDATA[[TestResult name=Percentage_circle_inOrdersSummary_Widget_ToolTip_TextVerification status=SUCCESS method=OrdersExecution1.Percentage_circle_inOrdersSummary_Widget_ToolTip_TextVerification()[pri:4, instance:Master.OrdersExecution1@5552768b] output={null}]]]>
              </value>
            </param>
          </params>
          <reporter-output>
          </reporter-output>
        </test-method> <!-- getResult -->
        <test-method signature="PayWith_ElectronicFundsOption_DropdownValueVerification()[pri:5, instance:Master.OrdersExecution1@5552768b]" started-at="2019-11-11T12:54:03Z" name="PayWith_ElectronicFundsOption_DropdownValueVerification" finished-at="2019-11-11T12:54:09Z" duration-ms="6156" status="PASS">
          <reporter-output>
          </reporter-output>
        </test-method> <!-- PayWith_ElectronicFundsOption_DropdownValueVerification -->
        <test-method is-config="true" signature="getResult(org.testng.ITestResult)[pri:0, instance:Master.OrdersExecution1@5552768b]" started-at="2019-11-11T12:54:09Z" name="getResult" finished-at="2019-11-11T12:54:09Z" duration-ms="0" status="PASS">
          <params>
            <param index="0">
              <value>
                <![CDATA[[TestResult name=PayWith_ElectronicFundsOption_DropdownValueVerification status=SUCCESS method=OrdersExecution1.PayWith_ElectronicFundsOption_DropdownValueVerification()[pri:5, instance:Master.OrdersExecution1@5552768b] output={null}]]]>
              </value>
            </param>
          </params>
          <reporter-output>
          </reporter-output>
        </test-method> <!-- getResult -->
        <test-method signature="ShipVia_LoomisGroundOption_DropdownValueVerifcation()[pri:6, instance:Master.OrdersExecution1@5552768b]" started-at="2019-11-11T12:54:09Z" name="ShipVia_LoomisGroundOption_DropdownValueVerifcation" finished-at="2019-11-11T12:54:10Z" duration-ms="362" status="PASS">
          <reporter-output>
          </reporter-output>
        </test-method> <!-- ShipVia_LoomisGroundOption_DropdownValueVerifcation -->
        <test-method is-config="true" signature="getResult(org.testng.ITestResult)[pri:0, instance:Master.OrdersExecution1@5552768b]" started-at="2019-11-11T12:54:10Z" name="getResult" finished-at="2019-11-11T12:54:10Z" duration-ms="0" status="PASS">
          <params>
            <param index="0">
              <value>
                <![CDATA[[TestResult name=ShipVia_LoomisGroundOption_DropdownValueVerifcation status=SUCCESS method=OrdersExecution1.ShipVia_LoomisGroundOption_DropdownValueVerifcation()[pri:6, instance:Master.OrdersExecution1@5552768b] output={null}]]]>
              </value>
            </param>
          </params>
          <reporter-output>
          </reporter-output>
        </test-method> <!-- getResult -->
        <test-method signature="OrderSaving_WithoutSalesPerson_ValidationVerification()[pri:7, instance:Master.OrdersExecution1@5552768b]" started-at="2019-11-11T12:54:10Z" name="OrderSaving_WithoutSalesPerson_ValidationVerification" finished-at="2019-11-11T12:54:23Z" duration-ms="13049" status="PASS">
          <reporter-output>
          </reporter-output>
        </test-method> <!-- OrderSaving_WithoutSalesPerson_ValidationVerification -->
        <test-method is-config="true" signature="getResult(org.testng.ITestResult)[pri:0, instance:Master.OrdersExecution1@5552768b]" started-at="2019-11-11T12:54:23Z" name="getResult" finished-at="2019-11-11T12:54:23Z" duration-ms="1" status="PASS">
          <params>
            <param index="0">
              <value>
                <![CDATA[[TestResult name=OrderSaving_WithoutSalesPerson_ValidationVerification status=SUCCESS method=OrdersExecution1.OrderSaving_WithoutSalesPerson_ValidationVerification()[pri:7, instance:Master.OrdersExecution1@5552768b] output={null}]]]>
              </value>
            </param>
          </params>
          <reporter-output>
          </reporter-output>
        </test-method> <!-- getResult -->
        <test-method signature="UploadDSTFileOrders_Orderlevel()[pri:8, instance:Master.OrdersExecution1@5552768b]" started-at="2019-11-11T12:54:23Z" name="UploadDSTFileOrders_Orderlevel" finished-at="2019-11-11T12:55:36Z" duration-ms="73660" status="PASS">
          <reporter-output>
          </reporter-output>
        </test-method> <!-- UploadDSTFileOrders_Orderlevel -->
        <test-method is-config="true" signature="getResult(org.testng.ITestResult)[pri:0, instance:Master.OrdersExecution1@5552768b]" started-at="2019-11-11T12:55:36Z" name="getResult" finished-at="2019-11-11T12:55:36Z" duration-ms="0" status="PASS">
          <params>
            <param index="0">
              <value>
                <![CDATA[[TestResult name=UploadDSTFileOrders_Orderlevel status=SUCCESS method=OrdersExecution1.UploadDSTFileOrders_Orderlevel()[pri:8, instance:Master.OrdersExecution1@5552768b] output={null}]]]>
              </value>
            </param>
          </params>
          <reporter-output>
          </reporter-output>
        </test-method> <!-- getResult -->
        <test-method signature="InvalidFileUpload_ErrorMessageDisplayVerification()[pri:9, instance:Master.OrdersExecution1@5552768b]" started-at="2019-11-11T12:55:36Z" name="InvalidFileUpload_ErrorMessageDisplayVerification" finished-at="2019-11-11T12:56:04Z" duration-ms="27859" status="PASS">
          <reporter-output>
          </reporter-output>
        </test-method> <!-- InvalidFileUpload_ErrorMessageDisplayVerification -->
        <test-method is-config="true" signature="getResult(org.testng.ITestResult)[pri:0, instance:Master.OrdersExecution1@5552768b]" started-at="2019-11-11T12:56:04Z" name="getResult" finished-at="2019-11-11T12:56:04Z" duration-ms="2" status="PASS">
          <params>
            <param index="0">
              <value>
                <![CDATA[[TestResult name=InvalidFileUpload_ErrorMessageDisplayVerification status=SUCCESS method=OrdersExecution1.InvalidFileUpload_ErrorMessageDisplayVerification()[pri:9, instance:Master.OrdersExecution1@5552768b] output={null}]]]>
              </value>
            </param>
          </params>
          <reporter-output>
          </reporter-output>
        </test-method> <!-- getResult -->
        <test-method signature="UploadSVGFileOrders_Orderlevel()[pri:9, instance:Master.OrdersExecution1@5552768b]" started-at="2019-11-11T12:56:04Z" name="UploadSVGFileOrders_Orderlevel" finished-at="2019-11-11T12:56:32Z" duration-ms="27717" status="PASS">
          <reporter-output>
          </reporter-output>
        </test-method> <!-- UploadSVGFileOrders_Orderlevel -->
        <test-method is-config="true" signature="getResult(org.testng.ITestResult)[pri:0, instance:Master.OrdersExecution1@5552768b]" started-at="2019-11-11T12:56:32Z" name="getResult" finished-at="2019-11-11T12:56:32Z" duration-ms="1" status="PASS">
          <params>
            <param index="0">
              <value>
                <![CDATA[[TestResult name=UploadSVGFileOrders_Orderlevel status=SUCCESS method=OrdersExecution1.UploadSVGFileOrders_Orderlevel()[pri:9, instance:Master.OrdersExecution1@5552768b] output={null}]]]>
              </value>
            </param>
          </params>
          <reporter-output>
          </reporter-output>
        </test-method> <!-- getResult -->
        <test-method signature="Upload_AIExtensionFile()[pri:10, instance:Master.OrdersExecution1@5552768b]" started-at="2019-11-11T12:56:32Z" name="Upload_AIExtensionFile" finished-at="2019-11-11T12:57:15Z" duration-ms="42859" status="PASS">
          <reporter-output>
          </reporter-output>
        </test-method> <!-- Upload_AIExtensionFile -->
        <test-method is-config="true" signature="getResult(org.testng.ITestResult)[pri:0, instance:Master.OrdersExecution1@5552768b]" started-at="2019-11-11T12:57:15Z" name="getResult" finished-at="2019-11-11T12:57:15Z" duration-ms="0" status="PASS">
          <params>
            <param index="0">
              <value>
                <![CDATA[[TestResult name=Upload_AIExtensionFile status=SUCCESS method=OrdersExecution1.Upload_AIExtensionFile()[pri:10, instance:Master.OrdersExecution1@5552768b] output={null}]]]>
              </value>
            </param>
          </params>
          <reporter-output>
          </reporter-output>
        </test-method> <!-- getResult -->
        <test-method signature="CustomProducts_SupplierSelectionDropdown_Verification()[pri:11, instance:Master.OrdersExecution1@5552768b]" started-at="2019-11-11T12:57:15Z" name="CustomProducts_SupplierSelectionDropdown_Verification" finished-at="2019-11-11T12:57:19Z" duration-ms="4319" status="PASS">
          <reporter-output>
          </reporter-output>
        </test-method> <!-- CustomProducts_SupplierSelectionDropdown_Verification -->
        <test-method is-config="true" signature="getResult(org.testng.ITestResult)[pri:0, instance:Master.OrdersExecution1@5552768b]" started-at="2019-11-11T12:57:19Z" name="getResult" finished-at="2019-11-11T12:57:19Z" duration-ms="0" status="PASS">
          <params>
            <param index="0">
              <value>
                <![CDATA[[TestResult name=CustomProducts_SupplierSelectionDropdown_Verification status=SUCCESS method=OrdersExecution1.CustomProducts_SupplierSelectionDropdown_Verification()[pri:11, instance:Master.OrdersExecution1@5552768b] output={null}]]]>
              </value>
            </param>
          </params>
          <reporter-output>
          </reporter-output>
        </test-method> <!-- getResult -->
        <test-method signature="VerifyCogWheelNotExistsFor_CustomProductsVerification()[pri:12, instance:Master.OrdersExecution1@5552768b]" started-at="2019-11-11T12:57:19Z" name="VerifyCogWheelNotExistsFor_CustomProductsVerification" finished-at="2019-11-11T12:58:08Z" duration-ms="48569" status="PASS">
          <reporter-output>
          </reporter-output>
        </test-method> <!-- VerifyCogWheelNotExistsFor_CustomProductsVerification -->
        <test-method signature="DeleteOrder_Orderlevel()[pri:13, instance:Master.OrdersExecution1@5552768b]" started-at="2019-11-11T12:58:08Z" name="DeleteOrder_Orderlevel" finished-at="2019-11-11T12:58:15Z" duration-ms="7065" status="PASS">
          <reporter-output>
          </reporter-output>
        </test-method> <!-- DeleteOrder_Orderlevel -->
        <test-method is-config="true" signature="getResult(org.testng.ITestResult)[pri:0, instance:Master.OrdersExecution1@5552768b]" started-at="2019-11-11T12:58:08Z" name="getResult" finished-at="2019-11-11T12:58:08Z" duration-ms="0" status="PASS">
          <params>
            <param index="0">
              <value>
                <![CDATA[[TestResult name=VerifyCogWheelNotExistsFor_CustomProductsVerification status=SUCCESS method=OrdersExecution1.VerifyCogWheelNotExistsFor_CustomProductsVerification()[pri:12, instance:Master.OrdersExecution1@5552768b] output={null}]]]>
              </value>
            </param>
          </params>
          <reporter-output>
          </reporter-output>
        </test-method> <!-- getResult -->
        <test-method is-config="true" signature="getResult(org.testng.ITestResult)[pri:0, instance:Master.OrdersExecution1@5552768b]" started-at="2019-11-11T12:58:15Z" name="getResult" finished-at="2019-11-11T12:58:15Z" duration-ms="0" status="PASS">
          <params>
            <param index="0">
              <value>
                <![CDATA[[TestResult name=DeleteOrder_Orderlevel status=SUCCESS method=OrdersExecution1.DeleteOrder_Orderlevel()[pri:13, instance:Master.OrdersExecution1@5552768b] output={null}]]]>
              </value>
            </param>
          </params>
          <reporter-output>
          </reporter-output>
        </test-method> <!-- getResult -->
        <test-method signature="CustomerFacingDoc_CPN_Visible_EnableFromSettings()[pri:14, instance:Master.OrdersExecution1@5552768b]" started-at="2019-11-11T12:58:15Z" name="CustomerFacingDoc_CPN_Visible_EnableFromSettings" finished-at="2019-11-11T12:58:46Z" duration-ms="31586" status="PASS">
          <reporter-output>
          </reporter-output>
        </test-method> <!-- CustomerFacingDoc_CPN_Visible_EnableFromSettings -->
        <test-method is-config="true" signature="getResult(org.testng.ITestResult)[pri:0, instance:Master.OrdersExecution1@5552768b]" started-at="2019-11-11T12:58:46Z" name="getResult" finished-at="2019-11-11T12:58:46Z" duration-ms="3" status="PASS">
          <params>
            <param index="0">
              <value>
                <![CDATA[[TestResult name=CustomerFacingDoc_CPN_Visible_EnableFromSettings status=SUCCESS method=OrdersExecution1.CustomerFacingDoc_CPN_Visible_EnableFromSettings()[pri:14, instance:Master.OrdersExecution1@5552768b] output={null}]]]>
              </value>
            </param>
          </params>
          <reporter-output>
          </reporter-output>
        </test-method> <!-- getResult -->
        <test-method signature="CreateQuote_BillingAddress_Verification()[pri:15, instance:Master.OrdersExecution1@5552768b]" started-at="2019-11-11T12:58:46Z" name="CreateQuote_BillingAddress_Verification" finished-at="2019-11-11T12:59:16Z" duration-ms="29980" status="PASS">
          <reporter-output>
          </reporter-output>
        </test-method> <!-- CreateQuote_BillingAddress_Verification -->
        <test-method is-config="true" signature="getResult(org.testng.ITestResult)[pri:0, instance:Master.OrdersExecution1@5552768b]" started-at="2019-11-11T12:59:16Z" name="getResult" finished-at="2019-11-11T12:59:16Z" duration-ms="0" status="PASS">
          <params>
            <param index="0">
              <value>
                <![CDATA[[TestResult name=CreateQuote_BillingAddress_Verification status=SUCCESS method=OrdersExecution1.CreateQuote_BillingAddress_Verification()[pri:15, instance:Master.OrdersExecution1@5552768b] output={null}]]]>
              </value>
            </param>
          </params>
          <reporter-output>
          </reporter-output>
        </test-method> <!-- getResult -->
        <test-method signature="CreateQuote_ShippingAddress_Verification()[pri:16, instance:Master.OrdersExecution1@5552768b]" started-at="2019-11-11T12:59:16Z" name="CreateQuote_ShippingAddress_Verification" finished-at="2019-11-11T12:59:17Z" duration-ms="260" status="PASS">
          <reporter-output>
          </reporter-output>
        </test-method> <!-- CreateQuote_ShippingAddress_Verification -->
        <test-method signature="CreateQuote_AddingProductToQuote()[pri:17, instance:Master.OrdersExecution1@5552768b]" started-at="2019-11-11T12:59:17Z" name="CreateQuote_AddingProductToQuote" finished-at="2019-11-11T12:59:22Z" duration-ms="5825" status="PASS">
          <reporter-output>
          </reporter-output>
        </test-method> <!-- CreateQuote_AddingProductToQuote -->
        <test-method is-config="true" signature="getResult(org.testng.ITestResult)[pri:0, instance:Master.OrdersExecution1@5552768b]" started-at="2019-11-11T12:59:17Z" name="getResult" finished-at="2019-11-11T12:59:17Z" duration-ms="0" status="PASS">
          <params>
            <param index="0">
              <value>
                <![CDATA[[TestResult name=CreateQuote_ShippingAddress_Verification status=SUCCESS method=OrdersExecution1.CreateQuote_ShippingAddress_Verification()[pri:16, instance:Master.OrdersExecution1@5552768b] output={null}]]]>
              </value>
            </param>
          </params>
          <reporter-output>
          </reporter-output>
        </test-method> <!-- getResult -->
        <test-method is-config="true" signature="getResult(org.testng.ITestResult)[pri:0, instance:Master.OrdersExecution1@5552768b]" started-at="2019-11-11T12:59:22Z" name="getResult" finished-at="2019-11-11T12:59:22Z" duration-ms="1" status="PASS">
          <params>
            <param index="0">
              <value>
                <![CDATA[[TestResult name=CreateQuote_AddingProductToQuote status=SUCCESS method=OrdersExecution1.CreateQuote_AddingProductToQuote()[pri:17, instance:Master.OrdersExecution1@5552768b] output={null}]]]>
              </value>
            </param>
          </params>
          <reporter-output>
          </reporter-output>
        </test-method> <!-- getResult -->
        <test-method signature="CreateQuote_Verification()[pri:18, instance:Master.OrdersExecution1@5552768b]" started-at="2019-11-11T12:59:22Z" name="CreateQuote_Verification" finished-at="2019-11-11T13:00:31Z" duration-ms="68776" status="PASS">
          <reporter-output>
          </reporter-output>
        </test-method> <!-- CreateQuote_Verification -->
        <test-method is-config="true" signature="getResult(org.testng.ITestResult)[pri:0, instance:Master.OrdersExecution1@5552768b]" started-at="2019-11-11T13:00:31Z" name="getResult" finished-at="2019-11-11T13:00:31Z" duration-ms="1" status="PASS">
          <params>
            <param index="0">
              <value>
                <![CDATA[[TestResult name=CreateQuote_Verification status=SUCCESS method=OrdersExecution1.CreateQuote_Verification()[pri:18, instance:Master.OrdersExecution1@5552768b] output={null}]]]>
              </value>
            </param>
          </params>
          <reporter-output>
          </reporter-output>
        </test-method> <!-- getResult -->
        <test-method signature="ShipAccountNo_Checkbox_Uncheck_ByDefaultVerification()[pri:19, instance:Master.OrdersExecution1@5552768b]" started-at="2019-11-11T13:00:31Z" name="ShipAccountNo_Checkbox_Uncheck_ByDefaultVerification" finished-at="2019-11-11T13:00:32Z" duration-ms="222" status="PASS">
          <reporter-output>
          </reporter-output>
        </test-method> <!-- ShipAccountNo_Checkbox_Uncheck_ByDefaultVerification -->
        <test-method is-config="true" signature="getResult(org.testng.ITestResult)[pri:0, instance:Master.OrdersExecution1@5552768b]" started-at="2019-11-11T13:00:32Z" name="getResult" finished-at="2019-11-11T13:00:32Z" duration-ms="0" status="PASS">
          <params>
            <param index="0">
              <value>
                <![CDATA[[TestResult name=ShipAccountNo_Checkbox_Uncheck_ByDefaultVerification status=SUCCESS method=OrdersExecution1.ShipAccountNo_Checkbox_Uncheck_ByDefaultVerification()[pri:19, instance:Master.OrdersExecution1@5552768b] output={null}]]]>
              </value>
            </param>
          </params>
          <reporter-output>
          </reporter-output>
        </test-method> <!-- getResult -->
        <test-method signature="ShipAccountNotVisible_Visible_Checkbox_UncheckForAccountNo()[pri:20, instance:Master.OrdersExecution1@5552768b]" started-at="2019-11-11T13:00:32Z" name="ShipAccountNotVisible_Visible_Checkbox_UncheckForAccountNo" finished-at="2019-11-11T13:02:11Z" duration-ms="99686" status="PASS">
          <reporter-output>
          </reporter-output>
        </test-method> <!-- ShipAccountNotVisible_Visible_Checkbox_UncheckForAccountNo -->
        <test-method is-config="true" signature="getResult(org.testng.ITestResult)[pri:0, instance:Master.OrdersExecution1@5552768b]" started-at="2019-11-11T13:02:11Z" name="getResult" finished-at="2019-11-11T13:02:11Z" duration-ms="1" status="PASS">
          <params>
            <param index="0">
              <value>
                <![CDATA[[TestResult name=ShipAccountNotVisible_Visible_Checkbox_UncheckForAccountNo status=SUCCESS method=OrdersExecution1.ShipAccountNotVisible_Visible_Checkbox_UncheckForAccountNo()[pri:20, instance:Master.OrdersExecution1@5552768b] output={null}]]]>
              </value>
            </param>
          </params>
          <reporter-output>
          </reporter-output>
        </test-method> <!-- getResult -->
        <test-method signature="CPN_Number_QuoteDocPreview_Verification()[pri:21, instance:Master.OrdersExecution1@5552768b]" started-at="2019-11-11T13:02:11Z" name="CPN_Number_QuoteDocPreview_Verification" finished-at="2019-11-11T13:02:14Z" duration-ms="2310" status="PASS">
          <reporter-output>
          </reporter-output>
        </test-method> <!-- CPN_Number_QuoteDocPreview_Verification -->
        <test-method is-config="true" signature="getResult(org.testng.ITestResult)[pri:0, instance:Master.OrdersExecution1@5552768b]" started-at="2019-11-11T13:02:14Z" name="getResult" finished-at="2019-11-11T13:02:14Z" duration-ms="0" status="PASS">
          <params>
            <param index="0">
              <value>
                <![CDATA[[TestResult name=CPN_Number_QuoteDocPreview_Verification status=SUCCESS method=OrdersExecution1.CPN_Number_QuoteDocPreview_Verification()[pri:21, instance:Master.OrdersExecution1@5552768b] output={null}]]]>
              </value>
            </param>
          </params>
          <reporter-output>
          </reporter-output>
        </test-method> <!-- getResult -->
        <test-method signature="VendorNotes_DecoratorNotes_Visible_checkbox_SelectedAtProductLevel_QuotePreviewVerification()[pri:22, instance:Master.OrdersExecution1@5552768b]" started-at="2019-11-11T13:02:14Z" name="VendorNotes_DecoratorNotes_Visible_checkbox_SelectedAtProductLevel_QuotePreviewVerification" finished-at="2019-11-11T13:03:46Z" duration-ms="92759" status="PASS">
          <reporter-output>
          </reporter-output>
        </test-method> <!-- VendorNotes_DecoratorNotes_Visible_checkbox_SelectedAtProductLevel_QuotePreviewVerification -->
        <test-method signature="ShipAccountNo_Visibility_QuoteDocumentVerification()[pri:23, instance:Master.OrdersExecution1@5552768b]" started-at="2019-11-11T13:03:46Z" name="ShipAccountNo_Visibility_QuoteDocumentVerification" finished-at="2019-11-11T13:08:22Z" duration-ms="275697" status="FAIL">
          <exception class="org.openqa.selenium.NoSuchElementException">
            <message>
              <![CDATA[no such element: Unable to locate element: {"method":"xpath","selector":"//*[@id='order-contact']/div/div[2]/div[4]/p"}
  (Session info: chrome=78.0.3904.97)
For documentation on this error, please visit: http://seleniumhq.org/exceptions/no_such_element.html
Build info: version: '3.6.0', revision: '6fbf3ec767', time: '2017-09-27T15:28:36.4Z'
System info: host: 'MACPK-WKS-0132', ip: '172.25.178.139', os.name: 'Windows 10', os.arch: 'amd64', os.version: '10.0', java.version: '12.0.2'
Driver info: org.openqa.selenium.chrome.ChromeDriver
Capabilities [{networkConnectionEnabled=false, chrome={chromedriverVersion=78.0.3904.70 (edb9c9f3de0247fd912a77b7f6cae7447f6d3ad5-refs/branch-heads/3904@{#800}), userDataDir=C:\Users\MUHAMM~1.IFT\AppData\Local\Temp\scoped_dir16940_384956409}, timeouts={implicit=0, pageLoad=300000, script=30000}, pageLoadStrategy=normal, unhandledPromptBehavior=dismiss and notify, strictFileInteractability=false, platform=XP, proxy=Proxy(), goog:chromeOptions={debuggerAddress=localhost:62610}, acceptInsecureCerts=false, browserVersion=78.0.3904.97, browserName=chrome, javascriptEnabled=true, platformName=XP, setWindowRect=true}]
Session ID: 778fef50de719e1862f0dd6648e2f805
*** Element info: {Using=xpath, value=//*[@id='order-contact']/div/div[2]/div[4]/p}]]>
            </message>
            <full-stacktrace>
              <![CDATA[org.openqa.selenium.NoSuchElementException: no such element: Unable to locate element: {"method":"xpath","selector":"//*[@id='order-contact']/div/div[2]/div[4]/p"}
  (Session info: chrome=78.0.3904.97)
For documentation on this error, please visit: http://seleniumhq.org/exceptions/no_such_element.html
Build info: version: '3.6.0', revision: '6fbf3ec767', time: '2017-09-27T15:28:36.4Z'
System info: host: 'MACPK-WKS-0132', ip: '172.25.178.139', os.name: 'Windows 10', os.arch: 'amd64', os.version: '10.0', java.version: '12.0.2'
Driver info: org.openqa.selenium.chrome.ChromeDriver
Capabilities [{networkConnectionEnabled=false, chrome={chromedriverVersion=78.0.3904.70 (edb9c9f3de0247fd912a77b7f6cae7447f6d3ad5-refs/branch-heads/3904@{#800}), userDataDir=C:\Users\MUHAMM~1.IFT\AppData\Local\Temp\scoped_dir16940_384956409}, timeouts={implicit=0, pageLoad=300000, script=30000}, pageLoadStrategy=normal, unhandledPromptBehavior=dismiss and notify, strictFileInteractability=false, platform=XP, proxy=Proxy(), goog:chromeOptions={debuggerAddress=localhost:62610}, acceptInsecureCerts=false, browserVersion=78.0.3904.97, browserName=chrome, javascriptEnabled=true, platformName=XP, setWindowRect=true}]
Session ID: 778fef50de719e1862f0dd6648e2f805
*** Element info: {Using=xpath, value=//*[@id='order-contact']/div/div[2]/div[4]/p}
at java.base/jdk.internal.reflect.NativeConstructorAccessorImpl.newInstance0(Native Method)
at java.base/jdk.internal.reflect.NativeConstructorAccessorImpl.newInstance(NativeConstructorAccessorImpl.java:62)
at java.base/jdk.internal.reflect.DelegatingConstructorAccessorImpl.newInstance(DelegatingConstructorAccessorImpl.java:45)
at java.base/java.lang.reflect.Constructor.newInstanceWithCaller(Constructor.java:500)
at java.base/java.lang.reflect.Constructor.newInstance(Constructor.java:481)
at org.openqa.selenium.remote.http.W3CHttpResponseCodec.createException(W3CHttpResponseCodec.java:185)
at org.openqa.selenium.remote.http.W3CHttpResponseCodec.decode(W3CHttpResponseCodec.java:120)
at org.openqa.selenium.remote.http.W3CHttpResponseCodec.decode(W3CHttpResponseCodec.java:49)
at org.openqa.selenium.remote.HttpCommandExecutor.execute(HttpCommandExecutor.java:164)
at org.openqa.selenium.remote.service.DriverCommandExecutor.execute(DriverCommandExecutor.java:83)
at org.openqa.selenium.remote.RemoteWebDriver.execute(RemoteWebDriver.java:586)
at org.openqa.selenium.remote.RemoteWebDriver.findElement(RemoteWebDriver.java:356)
at org.openqa.selenium.remote.RemoteWebDriver.findElementByXPath(RemoteWebDriver.java:458)
at org.openqa.selenium.By$ByXPath.findElement(By.java:361)
at org.openqa.selenium.remote.RemoteWebDriver.findElement(RemoteWebDriver.java:348)
at org.openqa.selenium.support.pagefactory.DefaultElementLocator.findElement(DefaultElementLocator.java:69)
at org.openqa.selenium.support.pagefactory.internal.LocatingElementHandler.invoke(LocatingElementHandler.java:38)
at com.sun.proxy.$Proxy13.isDisplayed(Unknown Source)
at OrdersTestcases.CreateQuote.ShipAccountNo_Visibility_QuoteDocument_Verification(CreateQuote.java:505)
at Master.OrdersExecution1.ShipAccountNo_Visibility_QuoteDocumentVerification(OrdersExecution1.java:211)
at java.base/jdk.internal.reflect.NativeMethodAccessorImpl.invoke0(Native Method)
at java.base/jdk.internal.reflect.NativeMethodAccessorImpl.invoke(NativeMethodAccessorImpl.java:62)
at java.base/jdk.internal.reflect.DelegatingMethodAccessorImpl.invoke(DelegatingMethodAccessorImpl.java:43)
at java.base/java.lang.reflect.Method.invoke(Method.java:567)
at org.testng.internal.MethodInvocationHelper.invokeMethod(MethodInvocationHelper.java:124)
at org.testng.internal.Invoker.invokeMethod(Invoker.java:583)
at org.testng.internal.Invoker.invokeTestMethod(Invoker.java:719)
at org.testng.internal.Invoker.invokeTestMethods(Invoker.java:989)
at org.testng.internal.TestMethodWorker.invokeTestMethods(TestMethodWorker.java:125)
at org.testng.internal.TestMethodWorker.run(TestMethodWorker.java:109)
at org.testng.TestRunner.privateRun(TestRunner.java:648)
at org.testng.TestRunner.run(TestRunner.java:505)
at org.testng.SuiteRunner.runTest(SuiteRunner.java:455)
at org.testng.SuiteRunner.runSequentially(SuiteRunner.java:450)
at org.testng.SuiteRunner.privateRun(SuiteRunner.java:415)
at org.testng.SuiteRunner.run(SuiteRunner.java:364)
at org.testng.SuiteRunnerWorker.runSuite(SuiteRunnerWorker.java:52)
at org.testng.SuiteRunnerWorker.run(SuiteRunnerWorker.java:84)
at org.testng.TestNG.runSuitesSequentially(TestNG.java:1208)
at org.testng.TestNG.runSuitesLocally(TestNG.java:1137)
at org.testng.TestNG.runSuites(TestNG.java:1049)
at org.testng.TestNG.run(TestNG.java:1017)
at org.testng.remote.AbstractRemoteTestNG.run(AbstractRemoteTestNG.java:115)
at org.testng.remote.RemoteTestNG.initAndRun(RemoteTestNG.java:251)
at org.testng.remote.RemoteTestNG.main(RemoteTestNG.java:77)
]]>
            </full-stacktrace>
          </exception> <!-- org.openqa.selenium.NoSuchElementException -->
          <reporter-output>
          </reporter-output>
        </test-method> <!-- ShipAccountNo_Visibility_QuoteDocumentVerification -->
        <test-method is-config="true" signature="getResult(org.testng.ITestResult)[pri:0, instance:Master.OrdersExecution1@5552768b]" started-at="2019-11-11T13:03:46Z" name="getResult" finished-at="2019-11-11T13:03:46Z" duration-ms="0" status="PASS">
          <params>
            <param index="0">
              <value>
                <![CDATA[[TestResult name=VendorNotes_DecoratorNotes_Visible_checkbox_SelectedAtProductLevel_QuotePreviewVerification status=SUCCESS method=OrdersExecution1.VendorNotes_DecoratorNotes_Visible_checkbox_SelectedAtProductLevel_QuotePreviewVerification()[pri:22, instance:Master.OrdersExecution1@5552768b] output={null}]]]>
              </value>
            </param>
          </params>
          <reporter-output>
          </reporter-output>
        </test-method> <!-- getResult -->
        <test-method is-config="true" signature="getResult(org.testng.ITestResult)[pri:0, instance:Master.OrdersExecution1@5552768b]" started-at="2019-11-11T13:08:22Z" name="getResult" finished-at="2019-11-11T13:08:22Z" duration-ms="2" status="PASS">
          <params>
            <param index="0">
              <value>
                <![CDATA[[TestResult name=ShipAccountNo_Visibility_QuoteDocumentVerification status=FAILURE method=OrdersExecution1.ShipAccountNo_Visibility_QuoteDocumentVerification()[pri:23, instance:Master.OrdersExecution1@5552768b] output={null}]]]>
              </value>
            </param>
          </params>
          <reporter-output>
          </reporter-output>
        </test-method> <!-- getResult -->
        <test-method signature="AccountNo_Visible_Checkbox_Selected_Verification_AtProductLevel()[pri:24, instance:Master.OrdersExecution1@5552768b]" started-at="2019-11-11T13:08:22Z" name="AccountNo_Visible_Checkbox_Selected_Verification_AtProductLevel" finished-at="2019-11-11T13:08:33Z" duration-ms="10499" status="PASS">
          <reporter-output>
          </reporter-output>
        </test-method> <!-- AccountNo_Visible_Checkbox_Selected_Verification_AtProductLevel -->
        <test-method is-config="true" signature="getResult(org.testng.ITestResult)[pri:0, instance:Master.OrdersExecution1@5552768b]" started-at="2019-11-11T13:08:33Z" name="getResult" finished-at="2019-11-11T13:08:33Z" duration-ms="0" status="PASS">
          <params>
            <param index="0">
              <value>
                <![CDATA[[TestResult name=AccountNo_Visible_Checkbox_Selected_Verification_AtProductLevel status=SUCCESS method=OrdersExecution1.AccountNo_Visible_Checkbox_Selected_Verification_AtProductLevel()[pri:24, instance:Master.OrdersExecution1@5552768b] output={null}]]]>
              </value>
            </param>
          </params>
          <reporter-output>
          </reporter-output>
        </test-method> <!-- getResult -->
        <test-method signature="Quote_Download()[pri:25, instance:Master.OrdersExecution1@5552768b]" started-at="2019-11-11T13:08:33Z" name="Quote_Download" finished-at="2019-11-11T13:08:53Z" duration-ms="20515" status="PASS">
          <reporter-output>
          </reporter-output>
        </test-method> <!-- Quote_Download -->
        <test-method is-config="true" signature="getResult(org.testng.ITestResult)[pri:0, instance:Master.OrdersExecution1@5552768b]" started-at="2019-11-11T13:08:53Z" name="getResult" finished-at="2019-11-11T13:08:53Z" duration-ms="2" status="PASS">
          <params>
            <param index="0">
              <value>
                <![CDATA[[TestResult name=Quote_Download status=SUCCESS method=OrdersExecution1.Quote_Download()[pri:25, instance:Master.OrdersExecution1@5552768b] output={null}]]]>
              </value>
            </param>
          </params>
          <reporter-output>
          </reporter-output>
        </test-method> <!-- getResult -->
        <test-method signature="CreateOrder_FromQuote_LinkedTransactionInvoice()[pri:26, instance:Master.OrdersExecution1@5552768b]" started-at="2019-11-11T13:08:53Z" name="CreateOrder_FromQuote_LinkedTransactionInvoice" finished-at="2019-11-11T13:10:06Z" duration-ms="73031" status="PASS">
          <reporter-output>
          </reporter-output>
        </test-method> <!-- CreateOrder_FromQuote_LinkedTransactionInvoice -->
        <test-method is-config="true" signature="getResult(org.testng.ITestResult)[pri:0, instance:Master.OrdersExecution1@5552768b]" started-at="2019-11-11T13:10:06Z" name="getResult" finished-at="2019-11-11T13:10:06Z" duration-ms="0" status="PASS">
          <params>
            <param index="0">
              <value>
                <![CDATA[[TestResult name=CreateOrder_FromQuote_LinkedTransactionInvoice status=SUCCESS method=OrdersExecution1.CreateOrder_FromQuote_LinkedTransactionInvoice()[pri:26, instance:Master.OrdersExecution1@5552768b] output={null}]]]>
              </value>
            </param>
          </params>
          <reporter-output>
          </reporter-output>
        </test-method> <!-- getResult -->
        <test-method signature="ShipAccountNo_Visibility_InvoiceDocumentVerification()[pri:27, instance:Master.OrdersExecution1@5552768b]" started-at="2019-11-11T13:10:06Z" name="ShipAccountNo_Visibility_InvoiceDocumentVerification" finished-at="2019-11-11T13:10:18Z" duration-ms="11757" status="PASS">
          <reporter-output>
          </reporter-output>
        </test-method> <!-- ShipAccountNo_Visibility_InvoiceDocumentVerification -->
        <test-method is-config="true" signature="getResult(org.testng.ITestResult)[pri:0, instance:Master.OrdersExecution1@5552768b]" started-at="2019-11-11T13:10:18Z" name="getResult" finished-at="2019-11-11T13:10:18Z" duration-ms="0" status="PASS">
          <params>
            <param index="0">
              <value>
                <![CDATA[[TestResult name=ShipAccountNo_Visibility_InvoiceDocumentVerification status=SUCCESS method=OrdersExecution1.ShipAccountNo_Visibility_InvoiceDocumentVerification()[pri:27, instance:Master.OrdersExecution1@5552768b] output={null}]]]>
              </value>
            </param>
          </params>
          <reporter-output>
          </reporter-output>
        </test-method> <!-- getResult -->
        <test-method signature="CPN_NumberVisibilityAtInvoiceDoc_Verification()[pri:28, instance:Master.OrdersExecution1@5552768b]" started-at="2019-11-11T13:10:18Z" name="CPN_NumberVisibilityAtInvoiceDoc_Verification" finished-at="2019-11-11T13:10:18Z" duration-ms="642" status="PASS">
          <reporter-output>
          </reporter-output>
        </test-method> <!-- CPN_NumberVisibilityAtInvoiceDoc_Verification -->
        <test-method is-config="true" signature="getResult(org.testng.ITestResult)[pri:0, instance:Master.OrdersExecution1@5552768b]" started-at="2019-11-11T13:10:18Z" name="getResult" finished-at="2019-11-11T13:10:18Z" duration-ms="1" status="PASS">
          <params>
            <param index="0">
              <value>
                <![CDATA[[TestResult name=CPN_NumberVisibilityAtInvoiceDoc_Verification status=SUCCESS method=OrdersExecution1.CPN_NumberVisibilityAtInvoiceDoc_Verification()[pri:28, instance:Master.OrdersExecution1@5552768b] output={null}]]]>
              </value>
            </param>
          </params>
          <reporter-output>
          </reporter-output>
        </test-method> <!-- getResult -->
        <test-method signature="VendorNotes_DecoratorNotes_Visible_checkbox_SelectedAtProductLevel_InvoicePreviewVerification()[pri:29, instance:Master.OrdersExecution1@5552768b]" started-at="2019-11-11T13:10:18Z" name="VendorNotes_DecoratorNotes_Visible_checkbox_SelectedAtProductLevel_InvoicePreviewVerification" finished-at="2019-11-11T13:10:22Z" duration-ms="3484" status="PASS">
          <reporter-output>
          </reporter-output>
        </test-method> <!-- VendorNotes_DecoratorNotes_Visible_checkbox_SelectedAtProductLevel_InvoicePreviewVerification -->
        <test-method is-config="true" signature="getResult(org.testng.ITestResult)[pri:0, instance:Master.OrdersExecution1@5552768b]" started-at="2019-11-11T13:10:22Z" name="getResult" finished-at="2019-11-11T13:10:22Z" duration-ms="1" status="PASS">
          <params>
            <param index="0">
              <value>
                <![CDATA[[TestResult name=VendorNotes_DecoratorNotes_Visible_checkbox_SelectedAtProductLevel_InvoicePreviewVerification status=SUCCESS method=OrdersExecution1.VendorNotes_DecoratorNotes_Visible_checkbox_SelectedAtProductLevel_InvoicePreviewVerification()[pri:29, instance:Master.OrdersExecution1@5552768b] output={null}]]]>
              </value>
            </param>
          </params>
          <reporter-output>
          </reporter-output>
        </test-method> <!-- getResult -->
        <test-method signature="LinkedTransaction_Navigation_To_OrderScreen()[pri:30, instance:Master.OrdersExecution1@5552768b]" started-at="2019-11-11T13:10:22Z" name="LinkedTransaction_Navigation_To_OrderScreen" finished-at="2019-11-11T13:10:30Z" duration-ms="7899" status="PASS">
          <reporter-output>
          </reporter-output>
        </test-method> <!-- LinkedTransaction_Navigation_To_OrderScreen -->
        <test-method is-config="true" signature="getResult(org.testng.ITestResult)[pri:0, instance:Master.OrdersExecution1@5552768b]" started-at="2019-11-11T13:10:30Z" name="getResult" finished-at="2019-11-11T13:10:30Z" duration-ms="0" status="PASS">
          <params>
            <param index="0">
              <value>
                <![CDATA[[TestResult name=LinkedTransaction_Navigation_To_OrderScreen status=SUCCESS method=OrdersExecution1.LinkedTransaction_Navigation_To_OrderScreen()[pri:30, instance:Master.OrdersExecution1@5552768b] output={null}]]]>
              </value>
            </param>
          </params>
          <reporter-output>
          </reporter-output>
        </test-method> <!-- getResult -->
        <test-method signature="CreateOrder_Delete_Orderwith_Associated_Invoices()[pri:31, instance:Master.OrdersExecution1@5552768b]" started-at="2019-11-11T13:10:30Z" name="CreateOrder_Delete_Orderwith_Associated_Invoices" finished-at="2019-11-11T13:10:35Z" duration-ms="5451" status="PASS">
          <reporter-output>
          </reporter-output>
        </test-method> <!-- CreateOrder_Delete_Orderwith_Associated_Invoices -->
        <test-method is-config="true" signature="getResult(org.testng.ITestResult)[pri:0, instance:Master.OrdersExecution1@5552768b]" started-at="2019-11-11T13:10:35Z" name="getResult" finished-at="2019-11-11T13:10:35Z" duration-ms="1" status="PASS">
          <params>
            <param index="0">
              <value>
                <![CDATA[[TestResult name=CreateOrder_Delete_Orderwith_Associated_Invoices status=SUCCESS method=OrdersExecution1.CreateOrder_Delete_Orderwith_Associated_Invoices()[pri:31, instance:Master.OrdersExecution1@5552768b] output={null}]]]>
              </value>
            </param>
          </params>
          <reporter-output>
          </reporter-output>
        </test-method> <!-- getResult -->
        <test-method signature="ShipAccountNo_AcknowledgementDocumentVerification()[pri:32, instance:Master.OrdersExecution1@5552768b]" started-at="2019-11-11T13:10:35Z" name="ShipAccountNo_AcknowledgementDocumentVerification" finished-at="2019-11-11T13:11:08Z" duration-ms="33141" status="PASS">
          <reporter-output>
          </reporter-output>
        </test-method> <!-- ShipAccountNo_AcknowledgementDocumentVerification -->
        <test-method is-config="true" signature="getResult(org.testng.ITestResult)[pri:0, instance:Master.OrdersExecution1@5552768b]" started-at="2019-11-11T13:11:08Z" name="getResult" finished-at="2019-11-11T13:11:08Z" duration-ms="0" status="PASS">
          <params>
            <param index="0">
              <value>
                <![CDATA[[TestResult name=ShipAccountNo_AcknowledgementDocumentVerification status=SUCCESS method=OrdersExecution1.ShipAccountNo_AcknowledgementDocumentVerification()[pri:32, instance:Master.OrdersExecution1@5552768b] output={null}]]]>
              </value>
            </param>
          </params>
          <reporter-output>
          </reporter-output>
        </test-method> <!-- getResult -->
        <test-method signature="VendorNotes_DecoratorNotes_Visible_checkbox_SelectedAtProductLevel_AcknowledgementPreviewVerification()[pri:33, instance:Master.OrdersExecution1@5552768b]" started-at="2019-11-11T13:11:08Z" name="VendorNotes_DecoratorNotes_Visible_checkbox_SelectedAtProductLevel_AcknowledgementPreviewVerification" finished-at="2019-11-11T13:11:13Z" duration-ms="4556" status="PASS">
          <reporter-output>
          </reporter-output>
        </test-method> <!-- VendorNotes_DecoratorNotes_Visible_checkbox_SelectedAtProductLevel_AcknowledgementPreviewVerification -->
        <test-method is-config="true" signature="getResult(org.testng.ITestResult)[pri:0, instance:Master.OrdersExecution1@5552768b]" started-at="2019-11-11T13:11:13Z" name="getResult" finished-at="2019-11-11T13:11:13Z" duration-ms="0" status="PASS">
          <params>
            <param index="0">
              <value>
                <![CDATA[[TestResult name=VendorNotes_DecoratorNotes_Visible_checkbox_SelectedAtProductLevel_AcknowledgementPreviewVerification status=SUCCESS method=OrdersExecution1.VendorNotes_DecoratorNotes_Visible_checkbox_SelectedAtProductLevel_AcknowledgementPreviewVerification()[pri:33, instance:Master.OrdersExecution1@5552768b] output={null}]]]>
              </value>
            </param>
          </params>
          <reporter-output>
          </reporter-output>
        </test-method> <!-- getResult -->
        <test-method signature="CreateOrder_LinkedTransactions_Navigation_ToQuoteScreen()[pri:34, instance:Master.OrdersExecution1@5552768b]" started-at="2019-11-11T13:11:13Z" name="CreateOrder_LinkedTransactions_Navigation_ToQuoteScreen" finished-at="2019-11-11T13:11:22Z" duration-ms="8961" status="PASS">
          <reporter-output>
          </reporter-output>
        </test-method> <!-- CreateOrder_LinkedTransactions_Navigation_ToQuoteScreen -->
        <test-method is-config="true" signature="getResult(org.testng.ITestResult)[pri:0, instance:Master.OrdersExecution1@5552768b]" started-at="2019-11-11T13:11:22Z" name="getResult" finished-at="2019-11-11T13:11:22Z" duration-ms="8" status="PASS">
          <params>
            <param index="0">
              <value>
                <![CDATA[[TestResult name=CreateOrder_LinkedTransactions_Navigation_ToQuoteScreen status=SUCCESS method=OrdersExecution1.CreateOrder_LinkedTransactions_Navigation_ToQuoteScreen()[pri:34, instance:Master.OrdersExecution1@5552768b] output={null}]]]>
              </value>
            </param>
          </params>
          <reporter-output>
          </reporter-output>
        </test-method> <!-- getResult -->
        <test-method signature="Enterpaymentpartial()[pri:35, instance:Master.OrdersExecution1@5552768b]" started-at="2019-11-11T13:11:22Z" name="Enterpaymentpartial" finished-at="2019-11-11T13:11:50Z" duration-ms="28370" status="PASS">
          <reporter-output>
          </reporter-output>
        </test-method> <!-- Enterpaymentpartial -->
        <test-method is-config="true" signature="getResult(org.testng.ITestResult)[pri:0, instance:Master.OrdersExecution1@5552768b]" started-at="2019-11-11T13:11:50Z" name="getResult" finished-at="2019-11-11T13:11:50Z" duration-ms="1" status="PASS">
          <params>
            <param index="0">
              <value>
                <![CDATA[[TestResult name=Enterpaymentpartial status=SUCCESS method=OrdersExecution1.Enterpaymentpartial()[pri:35, instance:Master.OrdersExecution1@5552768b] output={null}]]]>
              </value>
            </param>
          </params>
          <reporter-output>
          </reporter-output>
        </test-method> <!-- getResult -->
        <test-method signature="DeleteInvoice_WithPaymentLeft()[pri:36, instance:Master.OrdersExecution1@5552768b]" started-at="2019-11-11T13:11:50Z" name="DeleteInvoice_WithPaymentLeft" finished-at="2019-11-11T13:12:26Z" duration-ms="35798" status="PASS">
          <reporter-output>
          </reporter-output>
        </test-method> <!-- DeleteInvoice_WithPaymentLeft -->
        <test-method is-config="true" signature="getResult(org.testng.ITestResult)[pri:0, instance:Master.OrdersExecution1@5552768b]" started-at="2019-11-11T13:12:26Z" name="getResult" finished-at="2019-11-11T13:12:26Z" duration-ms="9" status="PASS">
          <params>
            <param index="0">
              <value>
                <![CDATA[[TestResult name=DeleteInvoice_WithPaymentLeft status=SUCCESS method=OrdersExecution1.DeleteInvoice_WithPaymentLeft()[pri:36, instance:Master.OrdersExecution1@5552768b] output={null}]]]>
              </value>
            </param>
          </params>
          <reporter-output>
          </reporter-output>
        </test-method> <!-- getResult -->
        <test-method signature="Full_Payment_Verify()[pri:37, instance:Master.OrdersExecution1@5552768b]" started-at="2019-11-11T13:12:26Z" name="Full_Payment_Verify" finished-at="2019-11-11T13:12:42Z" duration-ms="15747" status="PASS">
          <reporter-output>
          </reporter-output>
        </test-method> <!-- Full_Payment_Verify -->
        <test-method is-config="true" signature="getResult(org.testng.ITestResult)[pri:0, instance:Master.OrdersExecution1@5552768b]" started-at="2019-11-11T13:12:42Z" name="getResult" finished-at="2019-11-11T13:12:42Z" duration-ms="0" status="PASS">
          <params>
            <param index="0">
              <value>
                <![CDATA[[TestResult name=Full_Payment_Verify status=SUCCESS method=OrdersExecution1.Full_Payment_Verify()[pri:37, instance:Master.OrdersExecution1@5552768b] output={null}]]]>
              </value>
            </param>
          </params>
          <reporter-output>
          </reporter-output>
        </test-method> <!-- getResult -->
        <test-method signature="Shipping_AddressEditing()[pri:38, instance:Master.OrdersExecution1@5552768b]" started-at="2019-11-11T13:12:42Z" name="Shipping_AddressEditing" finished-at="2019-11-11T13:13:11Z" duration-ms="29181" status="PASS">
          <reporter-output>
          </reporter-output>
        </test-method> <!-- Shipping_AddressEditing -->
        <test-method is-config="true" signature="getResult(org.testng.ITestResult)[pri:0, instance:Master.OrdersExecution1@5552768b]" started-at="2019-11-11T13:13:11Z" name="getResult" finished-at="2019-11-11T13:13:11Z" duration-ms="0" status="PASS">
          <params>
            <param index="0">
              <value>
                <![CDATA[[TestResult name=Shipping_AddressEditing status=SUCCESS method=OrdersExecution1.Shipping_AddressEditing()[pri:38, instance:Master.OrdersExecution1@5552768b] output={null}]]]>
              </value>
            </param>
          </params>
          <reporter-output>
          </reporter-output>
        </test-method> <!-- getResult -->
        <test-method signature="Partial_PaymentLink_Verification()[pri:39, instance:Master.OrdersExecution1@5552768b]" started-at="2019-11-11T13:13:11Z" name="Partial_PaymentLink_Verification" finished-at="2019-11-11T13:13:51Z" duration-ms="40086" status="PASS">
          <reporter-output>
          </reporter-output>
        </test-method> <!-- Partial_PaymentLink_Verification -->
        <test-method is-config="true" signature="getResult(org.testng.ITestResult)[pri:0, instance:Master.OrdersExecution1@5552768b]" started-at="2019-11-11T13:13:51Z" name="getResult" finished-at="2019-11-11T13:13:51Z" duration-ms="1" status="PASS">
          <params>
            <param index="0">
              <value>
                <![CDATA[[TestResult name=Partial_PaymentLink_Verification status=SUCCESS method=OrdersExecution1.Partial_PaymentLink_Verification()[pri:39, instance:Master.OrdersExecution1@5552768b] output={null}]]]>
              </value>
            </param>
          </params>
          <reporter-output>
          </reporter-output>
        </test-method> <!-- getResult -->
        <test-method signature="Reorder_Verification()[pri:40, instance:Master.OrdersExecution1@5552768b]" started-at="2019-11-11T13:13:51Z" name="Reorder_Verification" finished-at="2019-11-11T13:14:34Z" duration-ms="42954" status="PASS">
          <reporter-output>
          </reporter-output>
        </test-method> <!-- Reorder_Verification -->
        <test-method is-config="true" signature="getResult(org.testng.ITestResult)[pri:0, instance:Master.OrdersExecution1@5552768b]" started-at="2019-11-11T13:14:34Z" name="getResult" finished-at="2019-11-11T13:14:34Z" duration-ms="1" status="PASS">
          <params>
            <param index="0">
              <value>
                <![CDATA[[TestResult name=Reorder_Verification status=SUCCESS method=OrdersExecution1.Reorder_Verification()[pri:40, instance:Master.OrdersExecution1@5552768b] output={null}]]]>
              </value>
            </param>
          </params>
          <reporter-output>
          </reporter-output>
        </test-method> <!-- getResult -->
        <test-method signature="FieldsData_Verifications_AfterReorder()[pri:41, instance:Master.OrdersExecution1@5552768b]" started-at="2019-11-11T13:14:34Z" name="FieldsData_Verifications_AfterReorder" finished-at="2019-11-11T13:14:35Z" duration-ms="405" status="PASS">
          <reporter-output>
          </reporter-output>
        </test-method> <!-- FieldsData_Verifications_AfterReorder -->
        <test-method is-config="true" signature="getResult(org.testng.ITestResult)[pri:0, instance:Master.OrdersExecution1@5552768b]" started-at="2019-11-11T13:14:35Z" name="getResult" finished-at="2019-11-11T13:14:35Z" duration-ms="1" status="PASS">
          <params>
            <param index="0">
              <value>
                <![CDATA[[TestResult name=FieldsData_Verifications_AfterReorder status=SUCCESS method=OrdersExecution1.FieldsData_Verifications_AfterReorder()[pri:41, instance:Master.OrdersExecution1@5552768b] output={null}]]]>
              </value>
            </param>
          </params>
          <reporter-output>
          </reporter-output>
        </test-method> <!-- getResult -->
        <test-method signature="New_InhandDate_AfterReorderVerification()[pri:42, instance:Master.OrdersExecution1@5552768b]" started-at="2019-11-11T13:14:35Z" name="New_InhandDate_AfterReorderVerification" finished-at="2019-11-11T13:17:18Z" duration-ms="163711" status="PASS">
          <reporter-output>
          </reporter-output>
        </test-method> <!-- New_InhandDate_AfterReorderVerification -->
        <test-method is-config="true" signature="getResult(org.testng.ITestResult)[pri:0, instance:Master.OrdersExecution1@5552768b]" started-at="2019-11-11T13:17:18Z" name="getResult" finished-at="2019-11-11T13:17:18Z" duration-ms="0" status="PASS">
          <params>
            <param index="0">
              <value>
                <![CDATA[[TestResult name=New_InhandDate_AfterReorderVerification status=SUCCESS method=OrdersExecution1.New_InhandDate_AfterReorderVerification()[pri:42, instance:Master.OrdersExecution1@5552768b] output={null}]]]>
              </value>
            </param>
          </params>
          <reporter-output>
          </reporter-output>
        </test-method> <!-- getResult -->
        <test-method signature="Linked_Transaction_ReOrder_Verifications()[pri:43, instance:Master.OrdersExecution1@5552768b]" started-at="2019-11-11T13:17:18Z" name="Linked_Transaction_ReOrder_Verifications" finished-at="2019-11-11T13:17:20Z" duration-ms="1792" status="PASS">
          <reporter-output>
          </reporter-output>
        </test-method> <!-- Linked_Transaction_ReOrder_Verifications -->
        <test-method is-config="true" signature="getResult(org.testng.ITestResult)[pri:0, instance:Master.OrdersExecution1@5552768b]" started-at="2019-11-11T13:17:20Z" name="getResult" finished-at="2019-11-11T13:17:20Z" duration-ms="1" status="PASS">
          <params>
            <param index="0">
              <value>
                <![CDATA[[TestResult name=Linked_Transaction_ReOrder_Verifications status=SUCCESS method=OrdersExecution1.Linked_Transaction_ReOrder_Verifications()[pri:43, instance:Master.OrdersExecution1@5552768b] output={null}]]]>
              </value>
            </param>
          </params>
          <reporter-output>
          </reporter-output>
        </test-method> <!-- getResult -->
        <test-method signature="InvoiceCreationBillingAddress()[pri:44, instance:Master.OrdersExecution1@5552768b]" started-at="2019-11-11T13:17:20Z" name="InvoiceCreationBillingAddress" finished-at="2019-11-11T13:17:39Z" duration-ms="19194" status="PASS">
          <reporter-output>
          </reporter-output>
        </test-method> <!-- InvoiceCreationBillingAddress -->
        <test-method is-config="true" signature="getResult(org.testng.ITestResult)[pri:0, instance:Master.OrdersExecution1@5552768b]" started-at="2019-11-11T13:17:39Z" name="getResult" finished-at="2019-11-11T13:17:39Z" duration-ms="1" status="PASS">
          <params>
            <param index="0">
              <value>
                <![CDATA[[TestResult name=InvoiceCreationBillingAddress status=SUCCESS method=OrdersExecution1.InvoiceCreationBillingAddress()[pri:44, instance:Master.OrdersExecution1@5552768b] output={null}]]]>
              </value>
            </param>
          </params>
          <reporter-output>
          </reporter-output>
        </test-method> <!-- getResult -->
        <test-method signature="CreateInvoiceShippingAddress_Verification()[pri:45, instance:Master.OrdersExecution1@5552768b]" started-at="2019-11-11T13:17:39Z" name="CreateInvoiceShippingAddress_Verification" finished-at="2019-11-11T13:17:40Z" duration-ms="391" status="PASS">
          <reporter-output>
          </reporter-output>
        </test-method> <!-- CreateInvoiceShippingAddress_Verification -->
        <test-method is-config="true" signature="getResult(org.testng.ITestResult)[pri:0, instance:Master.OrdersExecution1@5552768b]" started-at="2019-11-11T13:17:40Z" name="getResult" finished-at="2019-11-11T13:17:40Z" duration-ms="0" status="PASS">
          <params>
            <param index="0">
              <value>
                <![CDATA[[TestResult name=CreateInvoiceShippingAddress_Verification status=SUCCESS method=OrdersExecution1.CreateInvoiceShippingAddress_Verification()[pri:45, instance:Master.OrdersExecution1@5552768b] output={null}]]]>
              </value>
            </param>
          </params>
          <reporter-output>
          </reporter-output>
        </test-method> <!-- getResult -->
        <test-method signature="Product_AddedTo_Invoice()[pri:46, instance:Master.OrdersExecution1@5552768b]" started-at="2019-11-11T13:17:40Z" name="Product_AddedTo_Invoice" finished-at="2019-11-11T13:17:52Z" duration-ms="12282" status="PASS">
          <reporter-output>
          </reporter-output>
        </test-method> <!-- Product_AddedTo_Invoice -->
        <test-method is-config="true" signature="getResult(org.testng.ITestResult)[pri:0, instance:Master.OrdersExecution1@5552768b]" started-at="2019-11-11T13:17:52Z" name="getResult" finished-at="2019-11-11T13:17:52Z" duration-ms="0" status="PASS">
          <params>
            <param index="0">
              <value>
                <![CDATA[[TestResult name=Product_AddedTo_Invoice status=SUCCESS method=OrdersExecution1.Product_AddedTo_Invoice()[pri:46, instance:Master.OrdersExecution1@5552768b] output={null}]]]>
              </value>
            </param>
          </params>
          <reporter-output>
          </reporter-output>
        </test-method> <!-- getResult -->
        <test-method signature="CreateInvoice()[pri:47, instance:Master.OrdersExecution1@5552768b]" started-at="2019-11-11T13:17:52Z" name="CreateInvoice" finished-at="2019-11-11T13:18:50Z" duration-ms="58033" status="PASS">
          <reporter-output>
          </reporter-output>
        </test-method> <!-- CreateInvoice -->
        <test-method is-config="true" signature="getResult(org.testng.ITestResult)[pri:0, instance:Master.OrdersExecution1@5552768b]" started-at="2019-11-11T13:18:50Z" name="getResult" finished-at="2019-11-11T13:18:50Z" duration-ms="1" status="PASS">
          <params>
            <param index="0">
              <value>
                <![CDATA[[TestResult name=CreateInvoice status=SUCCESS method=OrdersExecution1.CreateInvoice()[pri:47, instance:Master.OrdersExecution1@5552768b] output={null}]]]>
              </value>
            </param>
          </params>
          <reporter-output>
          </reporter-output>
        </test-method> <!-- getResult -->
        <test-method signature="CreateOrder_BillingAddressVerification()[pri:48, instance:Master.OrdersExecution1@5552768b]" started-at="2019-11-11T13:18:50Z" name="CreateOrder_BillingAddressVerification" finished-at="2019-11-11T13:19:19Z" duration-ms="28805" status="PASS">
          <reporter-output>
          </reporter-output>
        </test-method> <!-- CreateOrder_BillingAddressVerification -->
        <test-method is-config="true" signature="getResult(org.testng.ITestResult)[pri:0, instance:Master.OrdersExecution1@5552768b]" started-at="2019-11-11T13:19:19Z" name="getResult" finished-at="2019-11-11T13:19:19Z" duration-ms="1" status="PASS">
          <params>
            <param index="0">
              <value>
                <![CDATA[[TestResult name=CreateOrder_BillingAddressVerification status=SUCCESS method=OrdersExecution1.CreateOrder_BillingAddressVerification()[pri:48, instance:Master.OrdersExecution1@5552768b] output={null}]]]>
              </value>
            </param>
          </params>
          <reporter-output>
          </reporter-output>
        </test-method> <!-- getResult -->
        <test-method signature="CreateOrder_ShippingAddressVerification()[pri:49, instance:Master.OrdersExecution1@5552768b]" started-at="2019-11-11T13:19:19Z" name="CreateOrder_ShippingAddressVerification" finished-at="2019-11-11T13:19:19Z" duration-ms="281" status="PASS">
          <reporter-output>
          </reporter-output>
        </test-method> <!-- CreateOrder_ShippingAddressVerification -->
        <test-method is-config="true" signature="getResult(org.testng.ITestResult)[pri:0, instance:Master.OrdersExecution1@5552768b]" started-at="2019-11-11T13:19:19Z" name="getResult" finished-at="2019-11-11T13:19:19Z" duration-ms="4" status="PASS">
          <params>
            <param index="0">
              <value>
                <![CDATA[[TestResult name=CreateOrder_ShippingAddressVerification status=SUCCESS method=OrdersExecution1.CreateOrder_ShippingAddressVerification()[pri:49, instance:Master.OrdersExecution1@5552768b] output={null}]]]>
              </value>
            </param>
          </params>
          <reporter-output>
          </reporter-output>
        </test-method> <!-- getResult -->
        <test-method signature="CreateOrder_AcknowlodgementAddressVerification()[pri:50, instance:Master.OrdersExecution1@5552768b]" started-at="2019-11-11T13:19:19Z" name="CreateOrder_AcknowlodgementAddressVerification" finished-at="2019-11-11T13:19:19Z" duration-ms="278" status="PASS">
          <reporter-output>
          </reporter-output>
        </test-method> <!-- CreateOrder_AcknowlodgementAddressVerification -->
        <test-method is-config="true" signature="getResult(org.testng.ITestResult)[pri:0, instance:Master.OrdersExecution1@5552768b]" started-at="2019-11-11T13:19:19Z" name="getResult" finished-at="2019-11-11T13:19:19Z" duration-ms="2" status="PASS">
          <params>
            <param index="0">
              <value>
                <![CDATA[[TestResult name=CreateOrder_AcknowlodgementAddressVerification status=SUCCESS method=OrdersExecution1.CreateOrder_AcknowlodgementAddressVerification()[pri:50, instance:Master.OrdersExecution1@5552768b] output={null}]]]>
              </value>
            </param>
          </params>
          <reporter-output>
          </reporter-output>
        </test-method> <!-- getResult -->
        <test-method signature="Net25_Net45_Net90_50PercentAdvance_50PercentUponCompletion_Net75_Terms_DropdownValuesVerification()[pri:51, instance:Master.OrdersExecution1@5552768b]" started-at="2019-11-11T13:19:19Z" name="Net25_Net45_Net90_50PercentAdvance_50PercentUponCompletion_Net75_Terms_DropdownValuesVerification" finished-at="2019-11-11T13:19:21Z" duration-ms="1347" status="PASS">
          <reporter-output>
          </reporter-output>
        </test-method> <!-- Net25_Net45_Net90_50PercentAdvance_50PercentUponCompletion_Net75_Terms_DropdownValuesVerification -->
        <test-method is-config="true" signature="getResult(org.testng.ITestResult)[pri:0, instance:Master.OrdersExecution1@5552768b]" started-at="2019-11-11T13:19:21Z" name="getResult" finished-at="2019-11-11T13:19:21Z" duration-ms="1" status="PASS">
          <params>
            <param index="0">
              <value>
                <![CDATA[[TestResult name=Net25_Net45_Net90_50PercentAdvance_50PercentUponCompletion_Net75_Terms_DropdownValuesVerification status=SUCCESS method=OrdersExecution1.Net25_Net45_Net90_50PercentAdvance_50PercentUponCompletion_Net75_Terms_DropdownValuesVerification()[pri:51, instance:Master.OrdersExecution1@5552768b] output={null}]]]>
              </value>
            </param>
          </params>
          <reporter-output>
          </reporter-output>
        </test-method> <!-- getResult -->
        <test-method signature="FedExOvernight_FedExFLEXExpress_ShipVia_DropdownValuesVerification()[pri:52, instance:Master.OrdersExecution1@5552768b]" started-at="2019-11-11T13:19:21Z" name="FedExOvernight_FedExFLEXExpress_ShipVia_DropdownValuesVerification" finished-at="2019-11-11T13:19:24Z" duration-ms="2797" status="PASS">
          <reporter-output>
          </reporter-output>
        </test-method> <!-- FedExOvernight_FedExFLEXExpress_ShipVia_DropdownValuesVerification -->
        <test-method is-config="true" signature="getResult(org.testng.ITestResult)[pri:0, instance:Master.OrdersExecution1@5552768b]" started-at="2019-11-11T13:19:24Z" name="getResult" finished-at="2019-11-11T13:19:24Z" duration-ms="1" status="PASS">
          <params>
            <param index="0">
              <value>
                <![CDATA[[TestResult name=FedExOvernight_FedExFLEXExpress_ShipVia_DropdownValuesVerification status=SUCCESS method=OrdersExecution1.FedExOvernight_FedExFLEXExpress_ShipVia_DropdownValuesVerification()[pri:52, instance:Master.OrdersExecution1@5552768b] output={null}]]]>
              </value>
            </param>
          </params>
          <reporter-output>
          </reporter-output>
        </test-method> <!-- getResult -->
        <test-method is-config="true" signature="teardown()[pri:0, instance:Master.OrdersExecution1@5552768b]" started-at="2019-11-11T13:19:24Z" name="teardown" finished-at="2019-11-11T13:19:24Z" duration-ms="0" status="PASS">
          <reporter-output>
          </reporter-output>
        </test-method> <!-- teardown -->
      </class> <!-- Master.OrdersExecution1 -->
    </test> <!-- Default test -->
  </suite> <!-- Default suite -->
</testng-results>
